Setting OMP_NUM_THREADS=32
Ensuring FR-IGR Solver is built...
make: Entering directory '/mnt/c/Users/tskoepli/Documents/GitHub/FR-IGR'
make: Nothing to be done for 'all'.
make: Leaving directory '/mnt/c/Users/tskoepli/Documents/GitHub/FR-IGR'
Launching Runtime Monitor TUI...
[H[J[H
┌────────────────────────────────────────────────────────────────────────────┐
│ [1m[44m                      FR-IGR SOLVER RUNTIME MONITOR                       [0m │
│ Status: [32mRUNNING[0m               Time: 23:33:41          PID: 4726            │
│ Threads: 32                                                                │
└────────────────────────────────────────────────────────────────────────────┘
┌─ [1m[36mSIMULATION PROGRESS[0m ──────────────────────────────────────────────────────┐
│ Step:      0               Time:   0.0000 / 1.0000                         │
│ Progress:  [░░░░░░░░░░░░░░░░░░░░░░░░░░░░░░░░░░░░░░░░] 0.00%                │
│ ETA:       0.0s          L2 Sum: 0.0                                       │
│ Limiter:   No limiting active or disabled                                  │
└────────────────────────────────────────────────────────────────────────────┘
┌─ [1m[36mLATEST WARNING[0m ───────────────────────────────────────────────────────────┐
│ [90mNo warnings detected.[0m                                                      │
└────────────────────────────────────────────────────────────────────────────┘
┌─ [1m[36mSBM DIAGNOSTICS[0m ──────────────────────────────────────────────────────────┐
│ [90mSBM diagnostics active. Waiting for solver update...[0m                       │
└────────────────────────────────────────────────────────────────────────────┘
┌─ [1m[36mRECENT LOG FEED[0m ──────────────────────────────────────────────────────────┐
│ [90mProcess started (PID: 4726)[0m                                                │
│                                                                            │
│                                                                            │
│                                                                            │
│                                                                            │
│                                                                            │
└────────────────────────────────────────────────────────────────────────────┘
┌─ [1m[36mACTIONS[0m ──────────────────────────────────────────────────────────────────┐
│ [[1m[32mS[0m] Stop  [[1m[32mR[0m] Restart  [[1m[32mC[0m] Clean Restart  [[1m[32mE[0m] Edit  [[1m[32mK[0m] Kill  [[1m[32mQ[0m] Quit     │
└────────────────────────────────────────────────────────────────────────────┘
[H
┌────────────────────────────────────────────────────────────────────────────┐
│ [1m[44m                      FR-IGR SOLVER RUNTIME MONITOR                       [0m │
│ Status: [31mSTOPPED[0m               Time: 23:33:41          PID: 4726            │
│ Threads: 32                                                                │
└────────────────────────────────────────────────────────────────────────────┘
┌─ [1m[36mSIMULATION PROGRESS[0m ──────────────────────────────────────────────────────┐
│ Step:      0               Time:   0.0000 / 1.0000                         │
│ Progress:  [░░░░░░░░░░░░░░░░░░░░░░░░░░░░░░░░░░░░░░░░] 0.00%                │
│ ETA:       0.0s          L2 Sum: 0.0                                       │
│ Limiter:   No limiting active or disabled                                  │
└────────────────────────────────────────────────────────────────────────────┘
┌─ [1m[36mLATEST WARNING[0m ───────────────────────────────────────────────────────────┐
│ [90mNo warnings detected.[0m                                                      │
└────────────────────────────────────────────────────────────────────────────┘
┌─ [1m[36mSBM DIAGNOSTICS[0m ──────────────────────────────────────────────────────────┐
│ [90mSBM diagnostics active. Waiting for solver update...[0m                       │
└────────────────────────────────────────────────────────────────────────────┘
┌─ [1m[36mRECENT LOG FEED[0m ──────────────────────────────────────────────────────────┐
│ [90mmake: Leaving directory '/mnt/c/Users/tskoepli/Documents/GitHub/FR-IGR'[0m    │
│ [90mRunning Simulation...[0m                                                      │
│ [90mDomain configuration loaded from domain.grid (1 blocks)[0m                    │
│ [90mterminate called after throwing an instance of 'std::invalid_argument'[0m     │
│ [90mwhat():  stod[0m                                                              │
│ [90m./run_case.sh: line 77:  4737 Aborted                 (core dumped) "$PR[0m   │
└────────────────────────────────────────────────────────────────────────────┘
┌─ [1m[36mACTIONS[0m ──────────────────────────────────────────────────────────────────┐
│ [[1m[32mS[0m] Stop  [[1m[32mR[0m] Restart  [[1m[32mC[0m] Clean Restart  [[1m[32mE[0m] Edit  [[1m[32mK[0m] Kill  [[1m[32mQ[0m] Quit     │
└────────────────────────────────────────────────────────────────────────────┘
[H
┌────────────────────────────────────────────────────────────────────────────┐
│ [1m[44m                      FR-IGR SOLVER RUNTIME MONITOR                       [0m │
│ Status: [31mSTOPPED[0m               Time: 23:33:42          PID: 4726            │
│ Threads: 32                                                                │
└────────────────────────────────────────────────────────────────────────────┘
┌─ [1m[36mSIMULATION PROGRESS[0m ──────────────────────────────────────────────────────┐
│ Step:      0               Time:   0.0000 / 1.0000                         │
│ Progress:  [░░░░░░░░░░░░░░░░░░░░░░░░░░░░░░░░░░░░░░░░] 0.00%                │
│ ETA:       0.0s          L2 Sum: 0.0                                       │
│ Limiter:   No limiting active or disabled                                  │
└────────────────────────────────────────────────────────────────────────────┘
┌─ [1m[36mLATEST WARNING[0m ───────────────────────────────────────────────────────────┐
│ [90mNo warnings detected.[0m                                                      │
└────────────────────────────────────────────────────────────────────────────┘
┌─ [1m[36mSBM DIAGNOSTICS[0m ──────────────────────────────────────────────────────────┐
│ [90mSBM diagnostics active. Waiting for solver update...[0m                       │
└────────────────────────────────────────────────────────────────────────────┘
┌─ [1m[36mRECENT LOG FEED[0m ──────────────────────────────────────────────────────────┐
│ [90mmake: Leaving directory '/mnt/c/Users/tskoepli/Documents/GitHub/FR-IGR'[0m    │
│ [90mRunning Simulation...[0m                                                      │
│ [90mDomain configuration loaded from domain.grid (1 blocks)[0m                    │
│ [90mterminate called after throwing an instance of 'std::invalid_argument'[0m     │
│ [90mwhat():  stod[0m                                                              │
│ [90m./run_case.sh: line 77:  4737 Aborted                 (core dumped) "$PR[0m   │
└────────────────────────────────────────────────────────────────────────────┘
┌─ [1m[36mACTIONS[0m ──────────────────────────────────────────────────────────────────┐
│ [[1m[32mS[0m] Stop  [[1m[32mR[0m] Restart  [[1m[32mC[0m] Clean Restart  [[1m[32mE[0m] Edit  [[1m[32mK[0m] Kill  [[1m[32mQ[0m] Quit     │
└────────────────────────────────────────────────────────────────────────────┘
